app/proguard-project.txt
# To enable ProGuard in your project, edit project.properties
# to define the proguard.config property as described in that file.
#
# Add project specific ProGuard rules here.
# By default, the flags in this file are appended to flags specified
# in ${sdk.dir}/tools/proguard/proguard-android.txt
# You can edit the include path and order by changing the ProGuard
# include property in project.properties.
#
# For more details, see
#   http://developer.android.com/guide/developing/tools/proguard.html

# a rule prevending jsoup to crash
-keep public class org.jsoup.** {
public *;
}

#ACRA specifics
# we need line numbers in our stack traces otherwise they are pretty useless
-renamesourcefileattribute SourceFile
-keepattributes SourceFile,LineNumberTable

# ACRA needs "annotations" so add this... 
-keepattributes *Annotation*

# keep this class so that logging will show 'ACRA' and not a obfuscated name like 'a'.
# Note: if you are removing log messages elsewhere in this file then this isn't necessary
-keep class org.acra.ACRA {
	*;
}

# keep this around for some enums that ACRA needs
-keep class org.acra.ReportingInteractionMode {
    *;
}
-keepnames class org.acra.ReportField {
    *;
}

# keep this otherwise it is removed by ProGuard
-keep public class org.acra.ErrorReporter
{
    public void addCustomData(java.lang.String,java.lang.String);
    public void putCustomData(java.lang.String,java.lang.String);
    public void removeCustomData(java.lang.String);
}

# keep this otherwise it is removed by ProGuard
-keep public class org.acra.ErrorReporter
{
    public void handleSilentException(java.lang.Throwable);
}