app/proguard/seeds.txt
com.halcyonwaves.apps.meinemediathek.ApplicationEntryPoint
com.halcyonwaves.apps.meinemediathek.ApplicationEntryPoint: ApplicationEntryPoint()
com.halcyonwaves.apps.meinemediathek.R$drawable: int episode_preview_image_placeholder
com.halcyonwaves.apps.meinemediathek.R$drawable: int ic_launcher
com.halcyonwaves.apps.meinemediathek.R$id: int btn_cancel_download
com.halcyonwaves.apps.meinemediathek.R$id: int btn_download_movie
com.halcyonwaves.apps.meinemediathek.R$id: int btn_search
com.halcyonwaves.apps.meinemediathek.R$id: int et_searchfortitle
com.halcyonwaves.apps.meinemediathek.R$id: int fragment_movieoverview
com.halcyonwaves.apps.meinemediathek.R$id: int fragment_moviesearch
com.halcyonwaves.apps.meinemediathek.R$id: int fragment_searchresults
com.halcyonwaves.apps.meinemediathek.R$id: int item1
com.halcyonwaves.apps.meinemediathek.R$id: int iv_episode_image
com.halcyonwaves.apps.meinemediathek.R$id: int iv_movie_preview_image
com.halcyonwaves.apps.meinemediathek.R$id: int mnu_send_bugreport
com.halcyonwaves.apps.meinemediathek.R$id: int tableRow1
com.halcyonwaves.apps.meinemediathek.R$id: int tableRow2
com.halcyonwaves.apps.meinemediathek.R$id: int tv_episode_description
com.halcyonwaves.apps.meinemediathek.R$id: int tv_episode_title
com.halcyonwaves.apps.meinemediathek.R$id: int tv_movie_description_content
com.halcyonwaves.apps.meinemediathek.R$id: int tv_movie_description_label
com.halcyonwaves.apps.meinemediathek.R$id: int tv_movie_title_content
com.halcyonwaves.apps.meinemediathek.R$id: int tv_movie_title_label
com.halcyonwaves.apps.meinemediathek.R$id: int tv_player_notice
com.halcyonwaves.apps.meinemediathek.R$layout: int activity_home
com.halcyonwaves.apps.meinemediathek.R$layout: int activity_managedownload
com.halcyonwaves.apps.meinemediathek.R$layout: int activity_movieoverview
com.halcyonwaves.apps.meinemediathek.R$layout: int activity_searchresults
com.halcyonwaves.apps.meinemediathek.R$layout: int fragment_movieoverview
com.halcyonwaves.apps.meinemediathek.R$layout: int fragment_moviesearch
com.halcyonwaves.apps.meinemediathek.R$layout: int lvr_searchresults
com.halcyonwaves.apps.meinemediathek.R$menu: int main_menu
com.halcyonwaves.apps.meinemediathek.R$string: int app_name
com.halcyonwaves.apps.meinemediathek.R$string: int btn_agree
com.halcyonwaves.apps.meinemediathek.R$string: int btn_cancel_download
com.halcyonwaves.apps.meinemediathek.R$string: int btn_disagree
com.halcyonwaves.apps.meinemediathek.R$string: int btn_download_movie
com.halcyonwaves.apps.meinemediathek.R$string: int btn_search
com.halcyonwaves.apps.meinemediathek.R$string: int dlg_msg_appcrash
com.halcyonwaves.apps.meinemediathek.R$string: int dlg_msg_download_on_mobile
com.halcyonwaves.apps.meinemediathek.R$string: int dlg_msg_license
com.halcyonwaves.apps.meinemediathek.R$string: int dlg_msg_noresults
com.halcyonwaves.apps.meinemediathek.R$string: int dlg_msg_timeout
com.halcyonwaves.apps.meinemediathek.R$string: int dlg_title_appcrash
com.halcyonwaves.apps.meinemediathek.R$string: int dlg_title_download_on_mobile
com.halcyonwaves.apps.meinemediathek.R$string: int dlg_title_license
com.halcyonwaves.apps.meinemediathek.R$string: int dlg_title_noresults
com.halcyonwaves.apps.meinemediathek.R$string: int dlg_title_timeout
com.halcyonwaves.apps.meinemediathek.R$string: int et_hint_searchfortitle
com.halcyonwaves.apps.meinemediathek.R$string: int mnu_title_bugreport
com.halcyonwaves.apps.meinemediathek.R$string: int mnu_title_preferences
com.halcyonwaves.apps.meinemediathek.R$string: int not_desc_download_of_movie
com.halcyonwaves.apps.meinemediathek.R$string: int not_desc_download_of_movie_canceled
com.halcyonwaves.apps.meinemediathek.activities.BaseActivity: BaseActivity()
com.halcyonwaves.apps.meinemediathek.activities.HomeActivity
com.halcyonwaves.apps.meinemediathek.activities.HomeActivity: HomeActivity()
...
org.jsoup.nodes.Comment
org.jsoup.nodes.Comment: Comment(java.lang.String,java.lang.String)
org.jsoup.nodes.Comment: java.lang.String nodeName()
org.jsoup.nodes.Comment: java.lang.String getData()
org.jsoup.nodes.Comment: java.lang.String toString()
org.jsoup.nodes.DataNode
org.jsoup.nodes.DataNode: DataNode(java.lang.String,java.lang.String)
org.jsoup.nodes.DataNode: java.lang.String nodeName()
org.jsoup.nodes.DataNode: java.lang.String getWholeData()
org.jsoup.nodes.DataNode: org.jsoup.nodes.DataNode setWholeData(java.lang.String)
org.jsoup.nodes.DataNode: java.lang.String toString()
org.jsoup.nodes.DataNode: org.jsoup.nodes.DataNode createFromEncoded(java.lang.String,java.lang.String)
org.jsoup.nodes.Document
org.jsoup.nodes.Document: Document(java.lang.String)
org.jsoup.nodes.Document: org.jsoup.nodes.Document createShell(java.lang.String)
org.jsoup.nodes.Document: org.jsoup.nodes.Element head()
org.jsoup.nodes.Document: org.jsoup.nodes.Element body()
org.jsoup.nodes.Document: java.lang.String title()
org.jsoup.nodes.Document: void title(java.lang.String)
org.jsoup.nodes.Document: org.jsoup.nodes.Element createElement(java.lang.String)
org.jsoup.nodes.Document: org.jsoup.nodes.Document normalise()
org.jsoup.nodes.Document: java.lang.String outerHtml()
org.jsoup.nodes.Document: org.jsoup.nodes.Element text(java.lang.String)
org.jsoup.nodes.Document: java.lang.String nodeName()
org.jsoup.nodes.Document: org.jsoup.nodes.Document clone()
org.jsoup.nodes.Document: org.jsoup.nodes.Document$OutputSettings outputSettings()
org.jsoup.nodes.Document: org.jsoup.nodes.Document outputSettings(org.jsoup.nodes.Document$OutputSettings)
org.jsoup.nodes.Document: org.jsoup.nodes.Document$QuirksMode quirksMode()
org.jsoup.nodes.Document: org.jsoup.nodes.Document quirksMode(org.jsoup.nodes.Document$QuirksMode)
org.jsoup.nodes.Document: org.jsoup.nodes.Element clone()
org.jsoup.nodes.Document: org.jsoup.nodes.Node clone()
org.jsoup.nodes.Document: java.lang.Object clone()
org.jsoup.nodes.Document$OutputSettings
org.jsoup.nodes.Document$OutputSettings: Document$OutputSettings()
org.jsoup.nodes.Document$OutputSettings: org.jsoup.nodes.Entities$EscapeMode escapeMode()
org.jsoup.nodes.Document$OutputSettings: org.jsoup.nodes.Document$OutputSettings escapeMode(org.jsoup.nodes.Entities$EscapeMode)
org.jsoup.nodes.Document$OutputSettings: java.nio.charset.Charset charset()
org.jsoup.nodes.Document$OutputSettings: org.jsoup.nodes.Document$OutputSettings charset(java.nio.charset.Charset)
org.jsoup.nodes.Document$OutputSettings: org.jsoup.nodes.Document$OutputSettings charset(java.lang.String)
org.jsoup.nodes.Document$OutputSettings: boolean prettyPrint()
org.jsoup.nodes.Document$OutputSettings: org.jsoup.nodes.Document$OutputSettings prettyPrint(boolean)
org.jsoup.nodes.Document$OutputSettings: int indentAmount()
org.jsoup.nodes.Document$OutputSettings: org.jsoup.nodes.Document$OutputSettings indentAmount(int)
org.jsoup.nodes.Document$OutputSettings: org.jsoup.nodes.Document$OutputSettings clone()
org.jsoup.nodes.Document$OutputSettings: java.lang.Object clone()
org.jsoup.nodes.Document$QuirksMode
org.jsoup.nodes.Document$QuirksMode: org.jsoup.nodes.Document$QuirksMode noQuirks
org.jsoup.nodes.Document$QuirksMode: org.jsoup.nodes.Document$QuirksMode quirks
org.jsoup.nodes.Document$QuirksMode: org.jsoup.nodes.Document$QuirksMode limitedQuirks
org.jsoup.nodes.Document$QuirksMode: org.jsoup.nodes.Document$QuirksMode[] values()
org.jsoup.nodes.Document$QuirksMode: org.jsoup.nodes.Document$QuirksMode valueOf(java.lang.String)
org.jsoup.nodes.DocumentType
org.jsoup.nodes.DocumentType: DocumentType(java.lang.String,java.lang.String,java.lang.String,java.lang.String)
org.jsoup.nodes.DocumentType: java.lang.String nodeName()