app/proguard/mapping.txt
com.halcyonwaves.apps.meinemediathek.ApplicationEntryPoint -> com.halcyonwaves.apps.meinemediathek.ApplicationEntryPoint:
    javax.security.auth.x500.X500Principal DEBUG_DN -> a
    79:99:boolean isApplicationDebuggable(android.content.Context) -> a
    104:108:void onCreate() -> onCreate
com.halcyonwaves.apps.meinemediathek.ChangeLogDialog -> com.halcyonwaves.apps.meinemediathek.a:
    android.app.Activity rootActivity -> a
    46:49:java.lang.String getApplicationVersion() -> c
    55:58:int getApplicationVersionCode() -> d
    63:63:java.lang.String getChangelogStyleDefinition() -> e
    67:100:java.lang.String getHtmlChangelog() -> f
    104:111:void markDialogAsAlreadyDisplayed() -> a
    114:124:java.lang.String parseChangelogReleaseTag(org.xmlpull.v1.XmlPullParser) -> a
    128:159:void show() -> b
com.halcyonwaves.apps.meinemediathek.ChangeLogDialog$1 -> com.halcyonwaves.apps.meinemediathek.b:
    com.halcyonwaves.apps.meinemediathek.ChangeLogDialog this$0 -> a
    154:155:void onClick(android.content.DialogInterface,int) -> onClick
com.halcyonwaves.apps.meinemediathek.SearchResultEntry -> com.halcyonwaves.apps.meinemediathek.c:
    java.lang.String description -> a
    java.lang.String downloadLink -> b
    java.io.File previewImage -> c
    java.lang.String title -> d
com.halcyonwaves.apps.meinemediathek.activities.BaseActivity -> com.halcyonwaves.apps.meinemediathek.activities.a:
    18:30:boolean onCreateOptionsMenu(android.view.Menu) -> onCreateOptionsMenu
    35:40:boolean onMenuItemSelected(int,android.view.MenuItem) -> onMenuItemSelected
com.halcyonwaves.apps.meinemediathek.activities.HomeActivity -> com.halcyonwaves.apps.meinemediathek.activities.HomeActivity:
    11:13:void onCreate(android.os.Bundle) -> onCreate
com.halcyonwaves.apps.meinemediathek.activities.ManageDownloadActivity -> com.halcyonwaves.apps.meinemediathek.activities.ManageDownloadActivity:
    android.widget.Button cancelDownload -> a
    android.widget.TextView movieTitle -> b
    android.widget.TextView movieDescription -> c
    int cancelId -> d
    android.os.Messenger serviceMessanger -> e
    android.content.ServiceConnection serviceConnection -> f
    48:51:void doBindService() -> a
    54:58:void doUnbindService() -> b
    62:64:void onDestroy() -> onDestroy
    68:116:void onCreate(android.os.Bundle) -> onCreate
    33:33:void access$0(com.halcyonwaves.apps.meinemediathek.activities.ManageDownloadActivity,android.os.Messenger) -> a
    29:29:int access$1(com.halcyonwaves.apps.meinemediathek.activities.ManageDownloadActivity) -> a
    33:33:android.os.Messenger access$2(com.halcyonwaves.apps.meinemediathek.activities.ManageDownloadActivity) -> b
com.halcyonwaves.apps.meinemediathek.activities.ManageDownloadActivity$1 -> com.halcyonwaves.apps.meinemediathek.activities.b:
    com.halcyonwaves.apps.meinemediathek.activities.ManageDownloadActivity this$0 -> a
    37:39:void onServiceConnected(android.content.ComponentName,android.os.IBinder) -> onServiceConnected
    42:44:void onServiceDisconnected(android.content.ComponentName) -> onServiceDisconnected
com.halcyonwaves.apps.meinemediathek.activities.ManageDownloadActivity$2 -> com.halcyonwaves.apps.meinemediathek.activities.c:
    com.halcyonwaves.apps.meinemediathek.activities.ManageDownloadActivity this$0 -> a
    95:114:void onClick(android.view.View) -> onClick
com.halcyonwaves.apps.meinemediathek.activities.MovieOverviewActivity -> com.halcyonwaves.apps.meinemediathek.activities.MovieOverviewActivity:
    11:13:void onCreate(android.os.Bundle) -> onCreate
com.halcyonwaves.apps.meinemediathek.activities.SearchResultsActivity -> com.halcyonwaves.apps.meinemediathek.activities.SearchResultsActivity:
    11:13:void onCreate(android.os.Bundle) -> onCreate
...
org.jsoup.select.Evaluator$AttributeWithValueContaining -> org.jsoup.select.Evaluator$AttributeWithValueContaining:
    230:230:boolean matches(org.jsoup.nodes.Element,org.jsoup.nodes.Element) -> matches
    235:235:java.lang.String toString() -> toString
org.jsoup.select.Evaluator$AttributeWithValueEnding -> org.jsoup.select.Evaluator$AttributeWithValueEnding:
    210:210:boolean matches(org.jsoup.nodes.Element,org.jsoup.nodes.Element) -> matches
    215:215:java.lang.String toString() -> toString
org.jsoup.select.Evaluator$AttributeWithValueMatching -> org.jsoup.select.Evaluator$AttributeWithValueMatching:
    java.lang.String key -> a
    java.util.regex.Pattern pattern -> b
    254:254:boolean matches(org.jsoup.nodes.Element,org.jsoup.nodes.Element) -> matches
    259:259:java.lang.String toString() -> toString
org.jsoup.select.Evaluator$AttributeWithValueNot -> org.jsoup.select.Evaluator$AttributeWithValueNot:
    170:170:boolean matches(org.jsoup.nodes.Element,org.jsoup.nodes.Element) -> matches
    175:175:java.lang.String toString() -> toString
org.jsoup.select.Evaluator$AttributeWithValueStarting -> org.jsoup.select.Evaluator$AttributeWithValueStarting:
    190:190:boolean matches(org.jsoup.nodes.Element,org.jsoup.nodes.Element) -> matches
    195:195:java.lang.String toString() -> toString
org.jsoup.select.Evaluator$Class -> org.jsoup.select.Evaluator$Class:
    java.lang.String className -> a
    81:81:boolean matches(org.jsoup.nodes.Element,org.jsoup.nodes.Element) -> matches
    86:86:java.lang.String toString() -> toString
org.jsoup.select.Evaluator$ContainsOwnText -> org.jsoup.select.Evaluator$ContainsOwnText:
    java.lang.String searchText -> a
    402:402:boolean matches(org.jsoup.nodes.Element,org.jsoup.nodes.Element) -> matches
    407:407:java.lang.String toString() -> toString
org.jsoup.select.Evaluator$ContainsText -> org.jsoup.select.Evaluator$ContainsText:
    java.lang.String searchText -> a
    381:381:boolean matches(org.jsoup.nodes.Element,org.jsoup.nodes.Element) -> matches
    386:386:java.lang.String toString() -> toString
org.jsoup.select.Evaluator$Id -> org.jsoup.select.Evaluator$Id:
    java.lang.String id -> a
    59:59:boolean matches(org.jsoup.nodes.Element,org.jsoup.nodes.Element) -> matches
    64:64:java.lang.String toString() -> toString
org.jsoup.select.Evaluator$IndexEquals -> org.jsoup.select.Evaluator$IndexEquals:
    346:346:boolean matches(org.jsoup.nodes.Element,org.jsoup.nodes.Element) -> matches
    351:351:java.lang.String toString() -> toString
org.jsoup.select.Evaluator$IndexEvaluator -> org.jsoup.select.Evaluator$IndexEvaluator:
    int index -> a
org.jsoup.select.Evaluator$IndexGreaterThan -> org.jsoup.select.Evaluator$IndexGreaterThan:
    326:326:boolean matches(org.jsoup.nodes.Element,org.jsoup.nodes.Element) -> matches
    331:331:java.lang.String toString() -> toString
org.jsoup.select.Evaluator$IndexLessThan -> org.jsoup.select.Evaluator$IndexLessThan:
    306:306:boolean matches(org.jsoup.nodes.Element,org.jsoup.nodes.Element) -> matches
    311:311:java.lang.String toString() -> toString
org.jsoup.select.Evaluator$Matches -> org.jsoup.select.Evaluator$Matches:
    java.util.regex.Pattern pattern -> a
    423:424:boolean matches(org.jsoup.nodes.Element,org.jsoup.nodes.Element) -> matches
    429:429:java.lang.String toString() -> toString
org.jsoup.select.Evaluator$MatchesOwn -> org.jsoup.select.Evaluator$MatchesOwn:
    java.util.regex.Pattern pattern -> a
    445:446:boolean matches(org.jsoup.nodes.Element,org.jsoup.nodes.Element) -> matches
    451:451:java.lang.String toString() -> toString
org.jsoup.select.Evaluator$Tag -> org.jsoup.select.Evaluator$Tag:
    java.lang.String tagName -> a
    38:38:boolean matches(org.jsoup.nodes.Element,org.jsoup.nodes.Element) -> matches
    43:43:java.lang.String toString() -> toString