app/proguard/usage.txt
com.halcyonwaves.apps.meinemediathek.BuildConfig
com.halcyonwaves.apps.meinemediathek.ChangeLogDialog:
    private static final java.lang.String TAG
com.halcyonwaves.apps.meinemediathek.Consts
com.halcyonwaves.apps.meinemediathek.R
com.halcyonwaves.apps.meinemediathek.R$attr
com.halcyonwaves.apps.meinemediathek.R$drawable
com.halcyonwaves.apps.meinemediathek.R$id
com.halcyonwaves.apps.meinemediathek.R$layout
com.halcyonwaves.apps.meinemediathek.R$menu
com.halcyonwaves.apps.meinemediathek.R$string
com.halcyonwaves.apps.meinemediathek.activities.ManageDownloadActivity:
    private static final java.lang.String TAG
com.halcyonwaves.apps.meinemediathek.fragments.MovieOverviewFragment:
    private static final java.lang.String TAG
com.halcyonwaves.apps.meinemediathek.fragments.MovieSearchFragment:
    private static final java.lang.String TAG
com.halcyonwaves.apps.meinemediathek.fragments.SearchResultsFragment:
    private static final java.lang.String TAG
com.halcyonwaves.apps.meinemediathek.loaders.ZDFSearchResultsLoader:
    private static final java.lang.String BASE_SEARCH_URL
    private static final java.lang.String TAG
com.halcyonwaves.apps.meinemediathek.ndk.MMSInputStream:
    private static final java.lang.String CHARSET_NAME_UNICODE
    private static final java.lang.String LOG
    51:59:private static byte[] string2unicode(java.lang.String)
    72:78:private static java.lang.String unicode2string(byte[])
com.halcyonwaves.apps.meinemediathek.services.BackgroundDownloadService:
    private static final java.lang.String TAG
    public static final int SERVICE_MSG_INITIATE_DOWNLOAD
    public static final int SERVICE_MSG_CANCEL_DOWNLOAD
com.halcyonwaves.apps.meinemediathek.threads.DownloadStreamThread:
    private static final java.lang.String TAG
...
android.support.v4.widget.SearchViewCompat$OnQueryTextListenerCompat
android.support.v4.widget.SearchViewCompat$SearchViewCompatHoneycombImpl
android.support.v4.widget.SearchViewCompat$SearchViewCompatHoneycombImpl$1
android.support.v4.widget.SearchViewCompat$SearchViewCompatImpl
android.support.v4.widget.SearchViewCompat$SearchViewCompatStubImpl
android.support.v4.widget.SearchViewCompatHoneycomb
android.support.v4.widget.SearchViewCompatHoneycomb$1
android.support.v4.widget.SearchViewCompatHoneycomb$OnQueryTextListenerCompatBridge
android.support.v4.widget.SimpleCursorAdapter
android.support.v4.widget.SimpleCursorAdapter$CursorToStringConverter
android.support.v4.widget.SimpleCursorAdapter$ViewBinder
org.acra.ACRAConfiguration:
    104:105:public void setAdditionalDropboxTags(java.lang.String[])
    112:113:public void setAdditionalSharedPreferences(java.lang.String[])
    120:121:public void setConnectionTimeout(java.lang.Integer)
    128:129:public void setCustomReportContent(org.acra.ReportField[])
    136:137:public void setDeleteUnapprovedReportsOnApplicationStart(java.lang.Boolean)
    143:144:public void setDeleteOldUnsentReportsOnApplicationStart(java.lang.Boolean)
    151:152:public void setDropboxCollectionMinutes(java.lang.Integer)
    159:160:public void setForceCloseDialogAfterToast(java.lang.Boolean)
    172:173:public void setFormKey(java.lang.String)
    185:186:public void setFormUri(java.lang.String)
    193:194:public void setFormUriBasicAuthLogin(java.lang.String)
    201:202:public void setFormUriBasicAuthPassword(java.lang.String)
    209:210:public void setIncludeDropboxSystemTags(java.lang.Boolean)
    217:218:public void setLogcatArguments(java.lang.String[])
    230:231:public void setMailTo(java.lang.String)
    238:239:public void setMaxNumberOfRequestRetries(java.lang.Integer)
    251:253:public void setMode(org.acra.ReportingInteractionMode)
    265:266:public void setResDialogCommentPrompt(int)
    278:279:public void setResDialogEmailPrompt(int)
    290:291:public void setResDialogIcon(int)
    302:303:public void setResDialogOkToast(int)
    314:315:public void setResDialogText(int)
    326:327:public void setResDialogTitle(int)
org.acra.ACRAConfigurationException:
    private static final long serialVersionUID
org.acra.ACRAConstants:
    public static final java.lang.String REPORTFILE_EXTENSION
    static final java.lang.String APPROVED_SUFFIX
    static final int MAX_SEND_REPORTS
    static final java.lang.String EXTRA_REPORT_FILE_NAME
    static final int NOTIF_CRASH_ID
    static final int TOAST_WAIT_DURATION
    public static final java.lang.String NULL_VALUE
    public static final boolean DEFAULT_FORCE_CLOSE_DIALOG_AFTER_TOAST
    public static final int DEFAULT_MAX_NUMBER_OF_REQUEST_RETRIES
    public static final int DEFAULT_SOCKET_TIMEOUT
    public static final int DEFAULT_CONNECTION_TIMEOUT
    public static final boolean DEFAULT_DELETE_UNAPPROVED_REPORTS_ON_APPLICATION_START
    public static final boolean DEFAULT_DELETE_OLD_UNSENT_REPORTS_ON_APPLICATION_START
    public static final int DEFAULT_DROPBOX_COLLECTION_MINUTES
    public static final boolean DEFAULT_INCLUDE_DROPBOX_SYSTEM_TAGS
    public static final int DEFAULT_SHARED_PREFERENCES_MODE
    public static final int DEFAULT_NOTIFICATION_ICON
    public static final int DEFAULT_DIALOG_ICON
    public static final int DEFAULT_RES_VALUE
    public static final java.lang.String DEFAULT_STRING_VALUE
    public static final int DEFAULT_LOGCAT_LINES
    public static final int DEFAULT_BUFFER_SIZE_IN_BYTES
    public static final boolean DEFAULT_LOGCAT_FILTER_BY_PID
    public static final boolean DEFAULT_SEND_REPORTS_IN_DEV_MODE
    public static final java.lang.String DEFAULT_APPLICATION_LOGFILE
org.acra.CrashReportDialog:
    private static final java.lang.String STATE_EMAIL
    private static final java.lang.String STATE_COMMENT